[     452ms] [INFO] %cDownload the React DevTools for a better development experience: https://reactjs.org/link/react-devtools font-weight:bold @ webpack-internal:///(app-pages-browser)/./node_modules/next/dist/compiled/react-dom/cjs/react-dom.development.js:38559
[    4019ms] [ERROR] Warning: Prop `%s` did not match. Server: %s Client: %s%s className "StyledText-sc-11ov82j-0 jnzhwV StyledSpinner-sc-124hnd0-0 cnayoI sc-ikkxIz kHfMrK" "StyledText-sc-11ov82j-0 jnzhwV StyledSpinner-sc-124hnd0-0 cnayoI sc-jXbUNf hwqtCx" 
    at div
    at E (webpack-internal:///(app-pages-browser)/./node_modules/styled-components/dist/styled-components.browser.esm.js:31:26793)
    at eval (webpack-internal:///(app-pages-browser)/./node_modules/sanity/node_modules/@sanity/ui/dist/_chunks-es/_visual-editing.mjs:1772:70)
    at E (webpack-internal:///(app-pages-browser)/./node_modules/styled-components/dist/styled-components.browser.esm.js:31:26793)
    at eval (webpack-internal:///(app-pages-browser)/./node_modules/sanity/node_modules/@sanity/ui/dist/_chunks-es/_visual-editing.mjs:1870:70)
    at E (webpack-internal:///(app-pages-browser)/./node_modules/styled-components/dist/styled-components.browser.esm.js:31:26793)
    at div
    at E (webpack-internal:///(app-pages-browser)/./node_modules/styled-components/dist/styled-components.browser.esm.js:31:26793)
    at LoadingBlock (webpack-internal:///(app-pages-browser)/./node_modules/sanity/lib/index.mjs:1576:70)
    at WorkspacesProvider (webpack-internal:///(app-pages-browser)/./node_modules/sanity/lib/index.mjs:70097:70)
    at StudioRootErrorHandler (webpack-internal:///(app-pages-browser)/./node_modules/sanity/lib/index.mjs:76142:5)
    at ErrorBoundary (webpack-internal:///(app-pages-browser)/./node_modules/sanity/node_modules/@sanity/ui/dist/index.mjs:247:1)
    at ErrorBoundary (webpack-internal:///(app-pages-browser)/./node_modules/sanity/lib/_chunks-es/generate-help-url.esm.mjs:94:3)
    at StudioErrorBoundary (webpack-internal:///(app-pages-browser)/./node_modules/sanity/lib/index.mjs:72376:5)
    at ToastProvider (webpack-internal:///(app-pages-browser)/./node_modules/sanity/node_modules/@sanity/ui/dist/index.mjs:1349:70)
    at Qe (webpack-internal:///(app-pages-browser)/./node_modules/styled-components/dist/styled-components.browser.esm.js:31:23356)
    at ThemeProvider (webpack-internal:///(app-pages-browser)/./node_modules/sanity/node_modules/@sanity/ui/dist/_chunks-es/_visual-editing.mjs:449:70)
    at ColorThemeProvider (webpack-internal:///(app-pages-browser)/./node_modules/sanity/lib/index.mjs:70401:70)
    at ColorSchemeLocalStorageProvider (webpack-internal:///(app-pages-browser)/./node_modules/sanity/lib/index.mjs:70423:70)
    at ColorSchemeProvider (webpack-internal:///(app-pages-browser)/./node_modules/sanity/lib/index.mjs:70410:70)
    at StudioProvider (webpack-internal:///(app-pages-browser)/./node_modules/sanity/lib/index.mjs:77411:70)
    at Studio (webpack-internal:///(app-pages-browser)/./node_modules/sanity/lib/index.mjs:77446:70)
    at div
    at NextStudioLayoutComponent (webpack-internal:///(app-pages-browser)/./node_modules/next-sanity/dist/_chunks-es/NextStudioNoScript.js:16:35)
    at Ge (webpack-internal:///(app-pages-browser)/./node_modules/styled-components/dist/styled-components.browser.esm.js:31:18973)
    at StyledComponentsRegistry (webpack-internal:///(app-pages-browser)/./node_modules/next-sanity/dist/_chunks-es/NextStudio.js:58:3)
    at NextStudioComponent (webpack-internal:///(app-pages-browser)/./node_modules/next-sanity/dist/_chunks-es/NextStudio.js:77:3)
    at Suspense
    at NextStudioLazyClientComponent
    at NextStudioWithBridge
    at StudioPage
    at ClientPageRoot (webpack-internal:///(app-pages-browser)/./node_modules/next/dist/client/components/client-page.js:14:11)
    at InnerLayoutRouter (webpack-internal:///(app-pages-browser)/./node_modules/next/dist/client/components/layout-router.js:243:11)
    at RedirectErrorBoundary (webpack-internal:///(app-pages-browser)/./node_modules/next/dist/client/components/redirect-boundary.js:74:9)
    at RedirectBoundary (webpack-internal:///(app-pages-browser)/./node_modules/next/dist/client/components/redirect-boundary.js:82:11)
    at NotFoundBoundary (webpack-internal:///(app-pages-browser)/./node_modules/next/dist/client/components/not-found-boundary.js:84:11)
    at LoadingBoundary (webpack-internal:///(app-pages-browser)/./node_modules/next/dist/client/components/layout-router.js:349:11)
    at ErrorBoundary (webpack-internal:///(app-pages-browser)/./node_modules/next/dist/client/components/error-boundary.js:160:11)
    at InnerScrollAndFocusHandler (webpack-internal:///(app-pages-browser)/./node_modules/next/dist/client/components/layout-router.js:153:9)
    at ScrollAndFocusHandler (webpack-internal:///(app-pages-browser)/./node_modules/next/dist/client/components/layout-router.js:228:11)
    at RenderFromTemplateContext (webpack-internal:///(app-pages-browser)/./node_modules/next/dist/client/components/render-from-template-context.js:16:44)
    at OuterLayoutRouter (webpack-internal:///(app-pages-browser)/./node_modules/next/dist/client/components/layout-router.js:370:11)
    at div
    at StudioLayout (Server)
    at InnerLayoutRouter (webpack-internal:///(app-pages-browser)/./node_modules/next/dist/client/components/layout-router.js:243:11)
    at RedirectErrorBoundary (webpack-internal:///(app-pages-browser)/./node_modules/next/dist/client/components/redirect-boundary.js:74:9)
    at RedirectBoundary (webpack-internal:///(app-pages-browser)/./node_modules/next/dist/client/components/redirect-boundary.js:82:11)
    at NotFoundBoundary (webpack-internal:///(app-pages-browser)/./node_modules/next/dist/client/components/not-found-boundary.js:84:11)
    at LoadingBoundary (webpack-internal:///(app-pages-browser)/./node_modules/next/dist/client/components/layout-router.js:349:11)
    at ErrorBoundary (webpack-internal:///(app-pages-browser)/./node_modules/next/dist/client/components/error-boundary.js:160:11)
    at InnerScrollAndFocusHandler (webpack-internal:///(app-pages-browser)/./node_modules/next/dist/client/components/layout-router.js:153:9)
    at ScrollAndFocusHandler (webpack-internal:///(app-pages-browser)/./node_modules/next/dist/client/components/layout-router.js:228:11)
    at RenderFromTemplateContext (webpack-internal:///(app-pages-browser)/./node_modules/next/dist/client/components/render-from-template-context.js:16:44)
    at OuterLayoutRouter (webpack-internal:///(app-pages-browser)/./node_modules/next/dist/client/components/layout-router.js:370:11)
    at InnerLayoutRouter (webpack-internal:///(app-pages-browser)/./node_modules/next/dist/client/components/layout-router.js:243:11)
    at RedirectErrorBoundary (webpack-internal:///(app-pages-browser)/./node_modules/next/dist/client/components/redirect-boundary.js:74:9)
    at RedirectBoundary (webpack-internal:///(app-pages-browser)/./node_modules/next/dist/client/components/redirect-boundary.js:82:11)
    at NotFoundErrorBoundary (webpack-internal:///(app-pages-browser)/./node_modules/next/dist/client/components/not-found-boundary.js:76:9)
    at NotFoundBoundary (webpack-internal:///(app-pages-browser)/./node_modules/next/dist/client/components/not-found-boundary.js:84:11)
    at LoadingBoundary (webpack-internal:///(app-pages-browser)/./node_modules/next/dist/client/components/layout-router.js:349:11)
    at ErrorBoundary (webpack-internal:///(app-pages-browser)/./node_modules/next/dist/client/components/error-boundary.js:160:11)
    at InnerScrollAndFocusHandler (webpack-internal:///(app-pages-browser)/./node_modules/next/dist/client/components/layout-router.js:153:9)
    at ScrollAndFocusHandler (webpack-internal:///(app-pages-browser)/./node_modules/next/dist/client/components/layout-router.js:228:11)
    at RenderFromTemplateContext (webpack-internal:///(app-pages-browser)/./node_modules/next/dist/client/components/render-from-template-context.js:16:44)
    at OuterLayoutRouter (webpack-internal:///(app-pages-browser)/./node_modules/next/dist/client/components/layout-router.js:370:11)
    at body
    at html
    at RootLayout (Server)
    at RedirectErrorBoundary (webpack-internal:///(app-pages-browser)/./node_modules/next/dist/client/components/redirect-boundary.js:74:9)
    at RedirectBoundary (webpack-internal:///(app-pages-browser)/./node_modules/next/dist/client/components/redirect-boundary.js:82:11)
    at NotFoundErrorBoundary (webpack-internal:///(app-pages-browser)/./node_modules/next/dist/client/components/not-found-boundary.js:76:9)
    at NotFoundBoundary (webpack-internal:///(app-pages-browser)/./node_modules/next/dist/client/components/not-found-boundary.js:84:11)
    at DevRootNotFoundBoundary (webpack-internal:///(app-pages-browser)/./node_modules/next/dist/client/components/dev-root-not-found-boundary.js:33:11)
    at ReactDevOverlay (webpack-internal:///(app-pages-browser)/./node_modules/next/dist/client/components/react-dev-overlay/app/ReactDevOverlay.js:87:9)
    at HotReload (webpack-internal:///(app-pages-browser)/./node_modules/next/dist/client/components/react-dev-overlay/app/hot-reloader-client.js:321:11)
    at Router (webpack-internal:///(app-pages-browser)/./node_modules/next/dist/client/components/app-router.js:207:11)
    at ErrorBoundaryHandler (webpack-internal:///(app-pages-browser)/./node_modules/next/dist/client/components/error-boundary.js:113:9)
    at ErrorBoundary (webpack-internal:///(app-pages-browser)/./node_modules/next/dist/client/components/error-boundary.js:160:11)
    at AppRouter (webpack-internal:///(app-pages-browser)/./node_modules/next/dist/client/components/app-router.js:585:13)
    at ServerRoot (webpack-internal:///(app-pages-browser)/./node_modules/next/dist/client/app-index.js:112:27)
    at Root (webpack-internal:///(app-pages-browser)/./node_modules/next/dist/client/app-index.js:117:11) @ webpack-internal:///(app-pages-browser)/./node_modules/next/dist/client/app-index.js:32
